[01m[K/home/ej/Silverfish/ublox_ws/src/ublox/ublox_gps/src/adr_udr_product.cpp:8:10:[m[K [01;31m[Kfatal error: [m[Kdiagnostic_updater/diagnostic_updater.hpp: No such file or directory
    8 | #include [01;31m[K<diagnostic_updater/diagnostic_updater.hpp>[m[K
      |          [01;31m[K^~~~~~~~~~~~~~~~~~~~~~~~~~~~~~~~~~~~~~~~~~~[m[K
compilation terminated.
gmake[2]: *** [CMakeFiles/ublox_gps.dir/build.make:76: CMakeFiles/ublox_gps.dir/src/adr_udr_product.cpp.o] Error 1
gmake[2]: *** Waiting for unfinished jobs....
[01m[K/home/ej/Silverfish/ublox_ws/src/ublox/ublox_gps/src/hp_pos_rec_product.cpp:7:10:[m[K [01;31m[Kfatal error: [m[Kdiagnostic_updater.hpp: No such file or directory
    7 | #include [01;31m[K<diagnostic_updater.hpp>[m[K
      |          [01;31m[K^~~~~~~~~~~~~~~~~~~~~~~~[m[K
compilation terminated.
gmake[2]: *** [CMakeFiles/ublox_gps.dir/build.make:118: CMakeFiles/ublox_gps.dir/src/hp_pos_rec_product.cpp.o] Error 1
[01m[K/home/ej/Silverfish/ublox_ws/src/ublox/ublox_gps/src/hpg_rov_product.cpp:7:10:[m[K [01;31m[Kfatal error: [m[Kdiagnostic_updater/diagnostic_updater.hpp: No such file or directory
    7 | #include [01;31m[K<diagnostic_updater/diagnostic_updater.hpp>[m[K
      |          [01;31m[K^~~~~~~~~~~~~~~~~~~~~~~~~~~~~~~~~~~~~~~~~~~[m[K
compilation terminated.
gmake[2]: *** [CMakeFiles/ublox_gps.dir/build.make:146: CMakeFiles/ublox_gps.dir/src/hpg_rov_product.cpp.o] Error 1
[01m[K/home/ej/Silverfish/ublox_ws/src/ublox/ublox_gps/src/hpg_ref_product.cpp:9:10:[m[K [01;31m[Kfatal error: [m[Kdiagnostic_updater/diagnostic_updater.hpp: No such file or directory
    9 | #include [01;31m[K<diagnostic_updater/diagnostic_updater.hpp>[m[K
      |          [01;31m[K^~~~~~~~~~~~~~~~~~~~~~~~~~~~~~~~~~~~~~~~~~~[m[K
compilation terminated.
gmake[2]: *** [CMakeFiles/ublox_gps.dir/build.make:132: CMakeFiles/ublox_gps.dir/src/hpg_ref_product.cpp.o] Error 1
gmake[1]: *** [CMakeFiles/Makefile2:222: CMakeFiles/ublox_gps.dir/all] Error 2
gmake: *** [Makefile:146: all] Error 2
